<?xml version="1.0" encoding="UTF-8"?>
<testng-results skipped="0" failed="0" ignored="0" total="1" passed="1">
  <reporter-output>
  </reporter-output>
  <suite name="Default suite" duration-ms="9127" started-at="2019-01-24T11:33:49Z" finished-at="2019-01-24T11:33:58Z">
    <groups>
    </groups>
    <test name="Default test" duration-ms="9127" started-at="2019-01-24T11:33:49Z" finished-at="2019-01-24T11:33:58Z">
      <class name="testcases.TC_001">
        <test-method status="PASS" signature="startBrowser()[pri:0, instance:testcases.TC_001@3712b94]" name="startBrowser" is-config="true" duration-ms="8071" started-at="2019-01-24T11:33:49Z" finished-at="2019-01-24T11:33:57Z">
          <reporter-output>
          </reporter-output>
        </test-method> <!-- startBrowser -->
        <test-method status="PASS" signature="tcase1()[pri:0, instance:testcases.TC_001@3712b94]" name="tcase1" duration-ms="1003" started-at="2019-01-24T11:33:57Z" finished-at="2019-01-24T11:33:58Z">
          <reporter-output>
          </reporter-output>
        </test-method> <!-- tcase1 -->
        <test-method status="PASS" signature="closeBrowser()[pri:0, instance:testcases.TC_001@3712b94]" name="closeBrowser" is-config="true" duration-ms="0" started-at="2019-01-24T11:33:58Z" finished-at="2019-01-24T11:33:58Z">
          <reporter-output>
          </reporter-output>
        </test-method> <!-- closeBrowser -->
      </class> <!-- testcases.TC_001 -->
    </test> <!-- Default test -->
  </suite> <!-- Default suite -->
</testng-results>
